[2.155s] DEBUG:colcon:Command line arguments: ['/usr/bin/colcon', 'build']
[2.155s] DEBUG:colcon:Parsed command line arguments: Namespace(log_base=None, log_level=None, verb_name='build', build_base='build', install_base='install', merge_install=False, symlink_install=False, test_result_base=None, continue_on_error=False, executor='parallel', parallel_workers=8, event_handlers=None, ignore_user_meta=False, metas=['./colcon.meta'], base_paths=['.'], packages_ignore=None, packages_ignore_regex=None, paths=None, packages_up_to=None, packages_up_to_regex=None, packages_above=None, packages_above_and_dependencies=None, packages_above_depth=None, packages_select_by_dep=None, packages_skip_by_dep=None, packages_skip_up_to=None, packages_select_build_failed=False, packages_skip_build_finished=False, packages_select_test_failures=False, packages_skip_test_passed=False, packages_select=None, packages_skip=None, packages_select_regex=None, packages_skip_regex=None, packages_start=None, packages_end=None, allow_overriding=[], cmake_args=None, cmake_target=None, cmake_target_skip_unavailable=False, cmake_clean_cache=False, cmake_clean_first=False, cmake_force_configure=False, ament_cmake_args=None, catkin_cmake_args=None, catkin_skip_building_tests=False, verb_parser=<colcon_defaults.argument_parser.defaults.DefaultArgumentsDecorator object at 0x723b7544d300>, verb_extension=<colcon_core.verb.build.BuildVerb object at 0x723b7554de70>, main=<bound method BuildVerb.main of <colcon_core.verb.build.BuildVerb object at 0x723b7554de70>>)
[3.448s] Level 1:colcon.colcon_core.package_discovery:discover_packages(colcon_meta) check parameters
[3.448s] Level 1:colcon.colcon_core.package_discovery:discover_packages(recursive) check parameters
[3.449s] Level 1:colcon.colcon_core.package_discovery:discover_packages(ignore) check parameters
[3.449s] Level 1:colcon.colcon_core.package_discovery:discover_packages(path) check parameters
[3.449s] Level 1:colcon.colcon_core.package_discovery:discover_packages(colcon_meta) discover
[3.449s] Level 1:colcon.colcon_core.package_discovery:discover_packages(recursive) discover
[3.449s] INFO:colcon.colcon_core.package_discovery:Crawling recursively for packages in '/home/bielle/Documentos/Github/2024-1B-T08-EC06-G03/src/workspace'
[3.449s] Level 1:colcon.colcon_core.package_identification:_identify(.) by extensions ['ignore', 'ignore_ament_install']
[3.450s] Level 1:colcon.colcon_core.package_identification:_identify(.) by extension 'ignore'
[3.450s] Level 1:colcon.colcon_core.package_identification:_identify(.) by extension 'ignore_ament_install'
[3.450s] Level 1:colcon.colcon_core.package_identification:_identify(.) by extensions ['colcon_pkg']
[3.450s] Level 1:colcon.colcon_core.package_identification:_identify(.) by extension 'colcon_pkg'
[3.451s] Level 1:colcon.colcon_core.package_identification:_identify(.) by extensions ['colcon_meta']
[3.451s] Level 1:colcon.colcon_core.package_identification:_identify(.) by extension 'colcon_meta'
[3.451s] Level 1:colcon.colcon_core.package_identification:_identify(.) by extensions ['ros']
[3.451s] Level 1:colcon.colcon_core.package_identification:_identify(.) by extension 'ros'
[3.515s] Level 1:colcon.colcon_core.package_identification:_identify(.) by extensions ['cmake', 'python']
[3.516s] Level 1:colcon.colcon_core.package_identification:_identify(.) by extension 'cmake'
[3.516s] Level 1:colcon.colcon_core.package_identification:_identify(.) by extension 'python'
[3.516s] Level 1:colcon.colcon_core.package_identification:_identify(.) by extensions ['python_setup_py']
[3.516s] Level 1:colcon.colcon_core.package_identification:_identify(.) by extension 'python_setup_py'
[3.516s] Level 1:colcon.colcon_core.package_identification:_identify(build) by extensions ['ignore', 'ignore_ament_install']
[3.517s] Level 1:colcon.colcon_core.package_identification:_identify(build) by extension 'ignore'
[3.517s] Level 1:colcon.colcon_core.package_identification:_identify(build) ignored
[3.517s] Level 1:colcon.colcon_core.package_identification:_identify(install) by extensions ['ignore', 'ignore_ament_install']
[3.518s] Level 1:colcon.colcon_core.package_identification:_identify(install) by extension 'ignore'
[3.518s] Level 1:colcon.colcon_core.package_identification:_identify(install) ignored
[3.518s] Level 1:colcon.colcon_core.package_identification:_identify(log) by extensions ['ignore', 'ignore_ament_install']
[3.518s] Level 1:colcon.colcon_core.package_identification:_identify(log) by extension 'ignore'
[3.518s] Level 1:colcon.colcon_core.package_identification:_identify(log) ignored
[3.518s] Level 1:colcon.colcon_core.package_identification:_identify(src) by extensions ['ignore', 'ignore_ament_install']
[3.518s] Level 1:colcon.colcon_core.package_identification:_identify(src) by extension 'ignore'
[3.519s] Level 1:colcon.colcon_core.package_identification:_identify(src) by extension 'ignore_ament_install'
[3.519s] Level 1:colcon.colcon_core.package_identification:_identify(src) by extensions ['colcon_pkg']
[3.519s] Level 1:colcon.colcon_core.package_identification:_identify(src) by extension 'colcon_pkg'
[3.519s] Level 1:colcon.colcon_core.package_identification:_identify(src) by extensions ['colcon_meta']
[3.519s] Level 1:colcon.colcon_core.package_identification:_identify(src) by extension 'colcon_meta'
[3.519s] Level 1:colcon.colcon_core.package_identification:_identify(src) by extensions ['ros']
[3.519s] Level 1:colcon.colcon_core.package_identification:_identify(src) by extension 'ros'
[3.519s] Level 1:colcon.colcon_core.package_identification:_identify(src) by extensions ['cmake', 'python']
[3.519s] Level 1:colcon.colcon_core.package_identification:_identify(src) by extension 'cmake'
[3.519s] Level 1:colcon.colcon_core.package_identification:_identify(src) by extension 'python'
[3.519s] Level 1:colcon.colcon_core.package_identification:_identify(src) by extensions ['python_setup_py']
[3.519s] Level 1:colcon.colcon_core.package_identification:_identify(src) by extension 'python_setup_py'
[3.520s] Level 1:colcon.colcon_core.package_identification:_identify(src/robot_navigation) by extensions ['ignore', 'ignore_ament_install']
[3.520s] Level 1:colcon.colcon_core.package_identification:_identify(src/robot_navigation) by extension 'ignore'
[3.520s] Level 1:colcon.colcon_core.package_identification:_identify(src/robot_navigation) by extension 'ignore_ament_install'
[3.520s] Level 1:colcon.colcon_core.package_identification:_identify(src/robot_navigation) by extensions ['colcon_pkg']
[3.520s] Level 1:colcon.colcon_core.package_identification:_identify(src/robot_navigation) by extension 'colcon_pkg'
[3.520s] Level 1:colcon.colcon_core.package_identification:_identify(src/robot_navigation) by extensions ['colcon_meta']
[3.520s] Level 1:colcon.colcon_core.package_identification:_identify(src/robot_navigation) by extension 'colcon_meta'
[3.520s] Level 1:colcon.colcon_core.package_identification:_identify(src/robot_navigation) by extensions ['ros']
[3.520s] Level 1:colcon.colcon_core.package_identification:_identify(src/robot_navigation) by extension 'ros'
[3.561s] DEBUG:colcon.colcon_core.package_identification:Package 'src/robot_navigation' with type 'ros.ament_python' and name 'robot_navigation'
[3.561s] Level 1:colcon.colcon_core.package_discovery:discover_packages(recursive) using defaults
[3.561s] Level 1:colcon.colcon_core.package_discovery:discover_packages(ignore) discover
[3.561s] Level 1:colcon.colcon_core.package_discovery:discover_packages(ignore) using defaults
[3.561s] Level 1:colcon.colcon_core.package_discovery:discover_packages(path) discover
[3.561s] Level 1:colcon.colcon_core.package_discovery:discover_packages(path) using defaults
[3.835s] Level 1:colcon.colcon_core.package_discovery:discover_packages(prefix_path) check parameters
[3.835s] Level 1:colcon.colcon_core.package_discovery:discover_packages(prefix_path) discover
[3.917s] DEBUG:colcon.colcon_installed_package_information.package_discovery:Found 396 installed packages in /opt/ros/humble
[3.947s] Level 1:colcon.colcon_core.package_discovery:discover_packages(prefix_path) using defaults
[4.088s] Level 5:colcon.colcon_core.verb:set package 'robot_navigation' build argument 'cmake_args' from command line to 'None'
[4.088s] Level 5:colcon.colcon_core.verb:set package 'robot_navigation' build argument 'cmake_target' from command line to 'None'
[4.088s] Level 5:colcon.colcon_core.verb:set package 'robot_navigation' build argument 'cmake_target_skip_unavailable' from command line to 'False'
[4.088s] Level 5:colcon.colcon_core.verb:set package 'robot_navigation' build argument 'cmake_clean_cache' from command line to 'False'
[4.088s] Level 5:colcon.colcon_core.verb:set package 'robot_navigation' build argument 'cmake_clean_first' from command line to 'False'
[4.088s] Level 5:colcon.colcon_core.verb:set package 'robot_navigation' build argument 'cmake_force_configure' from command line to 'False'
[4.089s] Level 5:colcon.colcon_core.verb:set package 'robot_navigation' build argument 'ament_cmake_args' from command line to 'None'
[4.089s] Level 5:colcon.colcon_core.verb:set package 'robot_navigation' build argument 'catkin_cmake_args' from command line to 'None'
[4.089s] Level 5:colcon.colcon_core.verb:set package 'robot_navigation' build argument 'catkin_skip_building_tests' from command line to 'False'
[4.089s] DEBUG:colcon.colcon_core.verb:Building package 'robot_navigation' with the following arguments: {'ament_cmake_args': None, 'build_base': '/home/bielle/Documentos/Github/2024-1B-T08-EC06-G03/src/workspace/build/robot_navigation', 'catkin_cmake_args': None, 'catkin_skip_building_tests': False, 'cmake_args': None, 'cmake_clean_cache': False, 'cmake_clean_first': False, 'cmake_force_configure': False, 'cmake_target': None, 'cmake_target_skip_unavailable': False, 'install_base': '/home/bielle/Documentos/Github/2024-1B-T08-EC06-G03/src/workspace/install/robot_navigation', 'merge_install': False, 'path': '/home/bielle/Documentos/Github/2024-1B-T08-EC06-G03/src/workspace/src/robot_navigation', 'symlink_install': False, 'test_result_base': None}
[4.089s] INFO:colcon.colcon_core.executor:Executing jobs using 'parallel' executor
[4.091s] DEBUG:colcon.colcon_parallel_executor.executor.parallel:run_until_complete
[4.092s] INFO:colcon.colcon_ros.task.ament_python.build:Building ROS package in '/home/bielle/Documentos/Github/2024-1B-T08-EC06-G03/src/workspace/src/robot_navigation' with build type 'ament_python'
[4.092s] Level 1:colcon.colcon_core.shell:create_environment_hook('robot_navigation', 'ament_prefix_path')
[4.132s] INFO:colcon.colcon_core.plugin_system:Skipping extension 'colcon_core.shell.bat': Not used on non-Windows systems
[4.133s] INFO:colcon.colcon_core.shell:Creating environment hook '/home/bielle/Documentos/Github/2024-1B-T08-EC06-G03/src/workspace/install/robot_navigation/share/robot_navigation/hook/ament_prefix_path.ps1'
[4.148s] INFO:colcon.colcon_core.shell:Creating environment descriptor '/home/bielle/Documentos/Github/2024-1B-T08-EC06-G03/src/workspace/install/robot_navigation/share/robot_navigation/hook/ament_prefix_path.dsv'
[4.161s] INFO:colcon.colcon_core.shell:Creating environment hook '/home/bielle/Documentos/Github/2024-1B-T08-EC06-G03/src/workspace/install/robot_navigation/share/robot_navigation/hook/ament_prefix_path.sh'
[4.176s] INFO:colcon.colcon_core.shell:Skip shell extension 'powershell' for command environment: Not usable outside of PowerShell
[4.177s] DEBUG:colcon.colcon_core.shell:Skip shell extension 'dsv' for command environment
[4.823s] INFO:colcon.colcon_core.task.python.build:Building Python package in '/home/bielle/Documentos/Github/2024-1B-T08-EC06-G03/src/workspace/src/robot_navigation'
[4.824s] INFO:colcon.colcon_core.shell:Skip shell extension 'powershell' for command environment: Not usable outside of PowerShell
[4.824s] DEBUG:colcon.colcon_core.shell:Skip shell extension 'dsv' for command environment
[8.401s] DEBUG:colcon.colcon_core.event_handler.log_command:Invoking command in '/home/bielle/Documentos/Github/2024-1B-T08-EC06-G03/src/workspace/src/robot_navigation': PYTHONPATH=/home/bielle/Documentos/Github/2024-1B-T08-EC06-G03/src/workspace/build/robot_navigation/prefix_override:/home/bielle/Documentos/Github/2024-1B-T08-EC06-G03/src/workspace/install/robot_navigation/lib/python3.10/site-packages:${PYTHONPATH} /usr/bin/python3 -W ignore:setup.py install is deprecated setup.py egg_info --egg-base ../../build/robot_navigation build --build-base /home/bielle/Documentos/Github/2024-1B-T08-EC06-G03/src/workspace/build/robot_navigation/build install --record /home/bielle/Documentos/Github/2024-1B-T08-EC06-G03/src/workspace/build/robot_navigation/install.log --single-version-externally-managed install_data
[9.097s] DEBUG:colcon.colcon_core.event_handler.log_command:Invoked command in '/home/bielle/Documentos/Github/2024-1B-T08-EC06-G03/src/workspace/src/robot_navigation' returned '0': PYTHONPATH=/home/bielle/Documentos/Github/2024-1B-T08-EC06-G03/src/workspace/build/robot_navigation/prefix_override:/home/bielle/Documentos/Github/2024-1B-T08-EC06-G03/src/workspace/install/robot_navigation/lib/python3.10/site-packages:${PYTHONPATH} /usr/bin/python3 -W ignore:setup.py install is deprecated setup.py egg_info --egg-base ../../build/robot_navigation build --build-base /home/bielle/Documentos/Github/2024-1B-T08-EC06-G03/src/workspace/build/robot_navigation/build install --record /home/bielle/Documentos/Github/2024-1B-T08-EC06-G03/src/workspace/build/robot_navigation/install.log --single-version-externally-managed install_data
[9.203s] Level 1:colcon.colcon_core.environment:checking '/home/bielle/Documentos/Github/2024-1B-T08-EC06-G03/src/workspace/install/robot_navigation' for CMake module files
[9.204s] Level 1:colcon.colcon_core.environment:checking '/home/bielle/Documentos/Github/2024-1B-T08-EC06-G03/src/workspace/install/robot_navigation' for CMake config files
[9.206s] Level 1:colcon.colcon_core.environment:checking '/home/bielle/Documentos/Github/2024-1B-T08-EC06-G03/src/workspace/install/robot_navigation/lib'
[9.206s] Level 1:colcon.colcon_core.environment:checking '/home/bielle/Documentos/Github/2024-1B-T08-EC06-G03/src/workspace/install/robot_navigation/bin'
[9.206s] Level 1:colcon.colcon_core.environment:checking '/home/bielle/Documentos/Github/2024-1B-T08-EC06-G03/src/workspace/install/robot_navigation/lib/pkgconfig/robot_navigation.pc'
[9.207s] Level 1:colcon.colcon_core.environment:checking '/home/bielle/Documentos/Github/2024-1B-T08-EC06-G03/src/workspace/install/robot_navigation/lib/python3.10/site-packages'
[9.207s] Level 1:colcon.colcon_core.shell:create_environment_hook('robot_navigation', 'pythonpath')
[9.207s] INFO:colcon.colcon_core.shell:Creating environment hook '/home/bielle/Documentos/Github/2024-1B-T08-EC06-G03/src/workspace/install/robot_navigation/share/robot_navigation/hook/pythonpath.ps1'
[9.208s] INFO:colcon.colcon_core.shell:Creating environment descriptor '/home/bielle/Documentos/Github/2024-1B-T08-EC06-G03/src/workspace/install/robot_navigation/share/robot_navigation/hook/pythonpath.dsv'
[9.220s] INFO:colcon.colcon_core.shell:Creating environment hook '/home/bielle/Documentos/Github/2024-1B-T08-EC06-G03/src/workspace/install/robot_navigation/share/robot_navigation/hook/pythonpath.sh'
[9.221s] Level 1:colcon.colcon_core.environment:checking '/home/bielle/Documentos/Github/2024-1B-T08-EC06-G03/src/workspace/install/robot_navigation/bin'
[9.222s] Level 1:colcon.colcon_core.environment:create_environment_scripts_only(robot_navigation)
[9.223s] INFO:colcon.colcon_core.shell:Creating package script '/home/bielle/Documentos/Github/2024-1B-T08-EC06-G03/src/workspace/install/robot_navigation/share/robot_navigation/package.ps1'
[9.227s] INFO:colcon.colcon_core.shell:Creating package descriptor '/home/bielle/Documentos/Github/2024-1B-T08-EC06-G03/src/workspace/install/robot_navigation/share/robot_navigation/package.dsv'
[9.240s] INFO:colcon.colcon_core.shell:Creating package script '/home/bielle/Documentos/Github/2024-1B-T08-EC06-G03/src/workspace/install/robot_navigation/share/robot_navigation/package.sh'
[9.254s] INFO:colcon.colcon_core.shell:Creating package script '/home/bielle/Documentos/Github/2024-1B-T08-EC06-G03/src/workspace/install/robot_navigation/share/robot_navigation/package.bash'
[9.280s] INFO:colcon.colcon_core.shell:Creating package script '/home/bielle/Documentos/Github/2024-1B-T08-EC06-G03/src/workspace/install/robot_navigation/share/robot_navigation/package.zsh'
[9.296s] Level 1:colcon.colcon_core.environment:create_file_with_runtime_dependencies(/home/bielle/Documentos/Github/2024-1B-T08-EC06-G03/src/workspace/install/robot_navigation/share/colcon-core/packages/robot_navigation)
[9.307s] DEBUG:colcon.colcon_parallel_executor.executor.parallel:closing loop
[9.308s] DEBUG:colcon.colcon_parallel_executor.executor.parallel:loop closed
[9.308s] DEBUG:colcon.colcon_parallel_executor.executor.parallel:run_until_complete finished with '0'
[9.308s] DEBUG:colcon.colcon_core.event_reactor:joining thread
[9.377s] INFO:colcon.colcon_core.plugin_system:Skipping extension 'colcon_notification.desktop_notification.terminal_notifier': Not used on non-Darwin systems
[9.377s] INFO:colcon.colcon_core.plugin_system:Skipping extension 'colcon_notification.desktop_notification.win32': Not used on non-Windows systems
[9.377s] INFO:colcon.colcon_notification.desktop_notification:Sending desktop notification using 'notify2'
[9.406s] DEBUG:colcon.colcon_core.event_reactor:joined thread
[9.406s] INFO:colcon.colcon_core.shell:Creating prefix script '/home/bielle/Documentos/Github/2024-1B-T08-EC06-G03/src/workspace/install/local_setup.ps1'
[9.413s] INFO:colcon.colcon_core.shell:Creating prefix util module '/home/bielle/Documentos/Github/2024-1B-T08-EC06-G03/src/workspace/install/_local_setup_util_ps1.py'
[9.430s] INFO:colcon.colcon_core.shell:Creating prefix chain script '/home/bielle/Documentos/Github/2024-1B-T08-EC06-G03/src/workspace/install/setup.ps1'
[9.448s] INFO:colcon.colcon_core.shell:Creating prefix script '/home/bielle/Documentos/Github/2024-1B-T08-EC06-G03/src/workspace/install/local_setup.sh'
[9.462s] INFO:colcon.colcon_core.shell:Creating prefix util module '/home/bielle/Documentos/Github/2024-1B-T08-EC06-G03/src/workspace/install/_local_setup_util_sh.py'
[9.473s] INFO:colcon.colcon_core.shell:Creating prefix chain script '/home/bielle/Documentos/Github/2024-1B-T08-EC06-G03/src/workspace/install/setup.sh'
[9.476s] INFO:colcon.colcon_core.shell:Creating prefix script '/home/bielle/Documentos/Github/2024-1B-T08-EC06-G03/src/workspace/install/local_setup.bash'
[9.490s] INFO:colcon.colcon_core.shell:Creating prefix chain script '/home/bielle/Documentos/Github/2024-1B-T08-EC06-G03/src/workspace/install/setup.bash'
[9.505s] INFO:colcon.colcon_core.shell:Creating prefix script '/home/bielle/Documentos/Github/2024-1B-T08-EC06-G03/src/workspace/install/local_setup.zsh'
[9.518s] INFO:colcon.colcon_core.shell:Creating prefix chain script '/home/bielle/Documentos/Github/2024-1B-T08-EC06-G03/src/workspace/install/setup.zsh'
