[4.308s] Invoking command in '/home/bielle/Documentos/Github/2024-1B-T08-EC06-G03/src/workspace/src/robot_navigation': PYTHONPATH=/home/bielle/Documentos/Github/2024-1B-T08-EC06-G03/src/workspace/build/robot_navigation/prefix_override:/home/bielle/Documentos/Github/2024-1B-T08-EC06-G03/src/workspace/install/robot_navigation/lib/python3.10/site-packages:${PYTHONPATH} /usr/bin/python3 -W ignore:setup.py install is deprecated setup.py egg_info --egg-base ../../build/robot_navigation build --build-base /home/bielle/Documentos/Github/2024-1B-T08-EC06-G03/src/workspace/build/robot_navigation/build install --record /home/bielle/Documentos/Github/2024-1B-T08-EC06-G03/src/workspace/build/robot_navigation/install.log --single-version-externally-managed install_data
[4.820s] running egg_info
[4.822s] writing ../../build/robot_navigation/robot_navigation.egg-info/PKG-INFO
[4.822s] writing dependency_links to ../../build/robot_navigation/robot_navigation.egg-info/dependency_links.txt
[4.823s] writing entry points to ../../build/robot_navigation/robot_navigation.egg-info/entry_points.txt
[4.823s] writing requirements to ../../build/robot_navigation/robot_navigation.egg-info/requires.txt
[4.834s] writing top-level names to ../../build/robot_navigation/robot_navigation.egg-info/top_level.txt
[4.838s] reading manifest file '../../build/robot_navigation/robot_navigation.egg-info/SOURCES.txt'
[4.853s] writing manifest file '../../build/robot_navigation/robot_navigation.egg-info/SOURCES.txt'
[4.853s] running build
[4.853s] running build_py
[4.854s] copying robot_navigation/bot.py -> /home/bielle/Documentos/Github/2024-1B-T08-EC06-G03/src/workspace/build/robot_navigation/build/lib/robot_navigation
[4.855s] running install
[4.857s] running install_lib
[4.860s] copying /home/bielle/Documentos/Github/2024-1B-T08-EC06-G03/src/workspace/build/robot_navigation/build/lib/robot_navigation/bot.py -> /home/bielle/Documentos/Github/2024-1B-T08-EC06-G03/src/workspace/install/robot_navigation/lib/python3.10/site-packages/robot_navigation
[4.861s] byte-compiling /home/bielle/Documentos/Github/2024-1B-T08-EC06-G03/src/workspace/install/robot_navigation/lib/python3.10/site-packages/robot_navigation/bot.py to bot.cpython-310.pyc
[4.864s] running install_data
[4.865s] running install_egg_info
[4.869s] removing '/home/bielle/Documentos/Github/2024-1B-T08-EC06-G03/src/workspace/install/robot_navigation/lib/python3.10/site-packages/robot_navigation-0.0.0-py3.10.egg-info' (and everything under it)
[4.869s] Copying ../../build/robot_navigation/robot_navigation.egg-info to /home/bielle/Documentos/Github/2024-1B-T08-EC06-G03/src/workspace/install/robot_navigation/lib/python3.10/site-packages/robot_navigation-0.0.0-py3.10.egg-info
[4.883s] running install_scripts
[4.932s] Installing bot script to /home/bielle/Documentos/Github/2024-1B-T08-EC06-G03/src/workspace/install/robot_navigation/lib/robot_navigation
[4.933s] writing list of installed files to '/home/bielle/Documentos/Github/2024-1B-T08-EC06-G03/src/workspace/build/robot_navigation/install.log'
[5.004s] Invoked command in '/home/bielle/Documentos/Github/2024-1B-T08-EC06-G03/src/workspace/src/robot_navigation' returned '0': PYTHONPATH=/home/bielle/Documentos/Github/2024-1B-T08-EC06-G03/src/workspace/build/robot_navigation/prefix_override:/home/bielle/Documentos/Github/2024-1B-T08-EC06-G03/src/workspace/install/robot_navigation/lib/python3.10/site-packages:${PYTHONPATH} /usr/bin/python3 -W ignore:setup.py install is deprecated setup.py egg_info --egg-base ../../build/robot_navigation build --build-base /home/bielle/Documentos/Github/2024-1B-T08-EC06-G03/src/workspace/build/robot_navigation/build install --record /home/bielle/Documentos/Github/2024-1B-T08-EC06-G03/src/workspace/build/robot_navigation/install.log --single-version-externally-managed install_data
