[2.672s] DEBUG:colcon:Command line arguments: ['/usr/bin/colcon', 'build']
[2.673s] DEBUG:colcon:Parsed command line arguments: Namespace(log_base=None, log_level=None, verb_name='build', build_base='build', install_base='install', merge_install=False, symlink_install=False, test_result_base=None, continue_on_error=False, executor='parallel', parallel_workers=8, event_handlers=None, ignore_user_meta=False, metas=['./colcon.meta'], base_paths=['.'], packages_ignore=None, packages_ignore_regex=None, paths=None, packages_up_to=None, packages_up_to_regex=None, packages_above=None, packages_above_and_dependencies=None, packages_above_depth=None, packages_select_by_dep=None, packages_skip_by_dep=None, packages_skip_up_to=None, packages_select_build_failed=False, packages_skip_build_finished=False, packages_select_test_failures=False, packages_skip_test_passed=False, packages_select=None, packages_skip=None, packages_select_regex=None, packages_skip_regex=None, packages_start=None, packages_end=None, allow_overriding=[], cmake_args=None, cmake_target=None, cmake_target_skip_unavailable=False, cmake_clean_cache=False, cmake_clean_first=False, cmake_force_configure=False, ament_cmake_args=None, catkin_cmake_args=None, catkin_skip_building_tests=False, verb_parser=<colcon_defaults.argument_parser.defaults.DefaultArgumentsDecorator object at 0x703b01a512d0>, verb_extension=<colcon_core.verb.build.BuildVerb object at 0x703b01b4de40>, main=<bound method BuildVerb.main of <colcon_core.verb.build.BuildVerb object at 0x703b01b4de40>>)
[3.666s] Level 1:colcon.colcon_core.package_discovery:discover_packages(colcon_meta) check parameters
[3.666s] Level 1:colcon.colcon_core.package_discovery:discover_packages(recursive) check parameters
[3.667s] Level 1:colcon.colcon_core.package_discovery:discover_packages(ignore) check parameters
[3.667s] Level 1:colcon.colcon_core.package_discovery:discover_packages(path) check parameters
[3.667s] Level 1:colcon.colcon_core.package_discovery:discover_packages(colcon_meta) discover
[3.667s] Level 1:colcon.colcon_core.package_discovery:discover_packages(recursive) discover
[3.667s] INFO:colcon.colcon_core.package_discovery:Crawling recursively for packages in '/home/bielle/Documentos/Github/2024-1B-T08-EC06-G03/src/workspace'
[3.667s] Level 1:colcon.colcon_core.package_identification:_identify(.) by extensions ['ignore', 'ignore_ament_install']
[3.667s] Level 1:colcon.colcon_core.package_identification:_identify(.) by extension 'ignore'
[3.667s] Level 1:colcon.colcon_core.package_identification:_identify(.) by extension 'ignore_ament_install'
[3.668s] Level 1:colcon.colcon_core.package_identification:_identify(.) by extensions ['colcon_pkg']
[3.668s] Level 1:colcon.colcon_core.package_identification:_identify(.) by extension 'colcon_pkg'
[3.668s] Level 1:colcon.colcon_core.package_identification:_identify(.) by extensions ['colcon_meta']
[3.668s] Level 1:colcon.colcon_core.package_identification:_identify(.) by extension 'colcon_meta'
[3.668s] Level 1:colcon.colcon_core.package_identification:_identify(.) by extensions ['ros']
[3.668s] Level 1:colcon.colcon_core.package_identification:_identify(.) by extension 'ros'
[3.766s] Level 1:colcon.colcon_core.package_identification:_identify(.) by extensions ['cmake', 'python']
[3.766s] Level 1:colcon.colcon_core.package_identification:_identify(.) by extension 'cmake'
[3.766s] Level 1:colcon.colcon_core.package_identification:_identify(.) by extension 'python'
[3.766s] Level 1:colcon.colcon_core.package_identification:_identify(.) by extensions ['python_setup_py']
[3.766s] Level 1:colcon.colcon_core.package_identification:_identify(.) by extension 'python_setup_py'
[3.766s] Level 1:colcon.colcon_core.package_identification:_identify(build) by extensions ['ignore', 'ignore_ament_install']
[3.767s] Level 1:colcon.colcon_core.package_identification:_identify(build) by extension 'ignore'
[3.767s] Level 1:colcon.colcon_core.package_identification:_identify(build) ignored
[3.767s] Level 1:colcon.colcon_core.package_identification:_identify(install) by extensions ['ignore', 'ignore_ament_install']
[3.767s] Level 1:colcon.colcon_core.package_identification:_identify(install) by extension 'ignore'
[3.767s] Level 1:colcon.colcon_core.package_identification:_identify(install) ignored
[3.767s] Level 1:colcon.colcon_core.package_identification:_identify(log) by extensions ['ignore', 'ignore_ament_install']
[3.767s] Level 1:colcon.colcon_core.package_identification:_identify(log) by extension 'ignore'
[3.768s] Level 1:colcon.colcon_core.package_identification:_identify(log) ignored
[3.768s] Level 1:colcon.colcon_core.package_identification:_identify(src) by extensions ['ignore', 'ignore_ament_install']
[3.768s] Level 1:colcon.colcon_core.package_identification:_identify(src) by extension 'ignore'
[3.768s] Level 1:colcon.colcon_core.package_identification:_identify(src) by extension 'ignore_ament_install'
[3.768s] Level 1:colcon.colcon_core.package_identification:_identify(src) by extensions ['colcon_pkg']
[3.768s] Level 1:colcon.colcon_core.package_identification:_identify(src) by extension 'colcon_pkg'
[3.768s] Level 1:colcon.colcon_core.package_identification:_identify(src) by extensions ['colcon_meta']
[3.768s] Level 1:colcon.colcon_core.package_identification:_identify(src) by extension 'colcon_meta'
[3.768s] Level 1:colcon.colcon_core.package_identification:_identify(src) by extensions ['ros']
[3.768s] Level 1:colcon.colcon_core.package_identification:_identify(src) by extension 'ros'
[3.768s] Level 1:colcon.colcon_core.package_identification:_identify(src) by extensions ['cmake', 'python']
[3.768s] Level 1:colcon.colcon_core.package_identification:_identify(src) by extension 'cmake'
[3.769s] Level 1:colcon.colcon_core.package_identification:_identify(src) by extension 'python'
[3.769s] Level 1:colcon.colcon_core.package_identification:_identify(src) by extensions ['python_setup_py']
[3.769s] Level 1:colcon.colcon_core.package_identification:_identify(src) by extension 'python_setup_py'
[3.769s] Level 1:colcon.colcon_core.package_identification:_identify(src/robot_navigation) by extensions ['ignore', 'ignore_ament_install']
[3.769s] Level 1:colcon.colcon_core.package_identification:_identify(src/robot_navigation) by extension 'ignore'
[3.769s] Level 1:colcon.colcon_core.package_identification:_identify(src/robot_navigation) by extension 'ignore_ament_install'
[3.769s] Level 1:colcon.colcon_core.package_identification:_identify(src/robot_navigation) by extensions ['colcon_pkg']
[3.769s] Level 1:colcon.colcon_core.package_identification:_identify(src/robot_navigation) by extension 'colcon_pkg'
[3.769s] Level 1:colcon.colcon_core.package_identification:_identify(src/robot_navigation) by extensions ['colcon_meta']
[3.769s] Level 1:colcon.colcon_core.package_identification:_identify(src/robot_navigation) by extension 'colcon_meta'
[3.769s] Level 1:colcon.colcon_core.package_identification:_identify(src/robot_navigation) by extensions ['ros']
[3.769s] Level 1:colcon.colcon_core.package_identification:_identify(src/robot_navigation) by extension 'ros'
[3.807s] DEBUG:colcon.colcon_core.package_identification:Package 'src/robot_navigation' with type 'ros.ament_python' and name 'robot_navigation'
[3.807s] Level 1:colcon.colcon_core.package_discovery:discover_packages(recursive) using defaults
[3.807s] Level 1:colcon.colcon_core.package_discovery:discover_packages(ignore) discover
[3.807s] Level 1:colcon.colcon_core.package_discovery:discover_packages(ignore) using defaults
[3.807s] Level 1:colcon.colcon_core.package_discovery:discover_packages(path) discover
[3.807s] Level 1:colcon.colcon_core.package_discovery:discover_packages(path) using defaults
[4.017s] Level 1:colcon.colcon_core.package_discovery:discover_packages(prefix_path) check parameters
[4.017s] Level 1:colcon.colcon_core.package_discovery:discover_packages(prefix_path) discover
[4.101s] DEBUG:colcon.colcon_installed_package_information.package_discovery:Found 396 installed packages in /opt/ros/humble
[4.118s] Level 1:colcon.colcon_core.package_discovery:discover_packages(prefix_path) using defaults
[4.202s] Level 5:colcon.colcon_core.verb:set package 'robot_navigation' build argument 'cmake_args' from command line to 'None'
[4.202s] Level 5:colcon.colcon_core.verb:set package 'robot_navigation' build argument 'cmake_target' from command line to 'None'
[4.202s] Level 5:colcon.colcon_core.verb:set package 'robot_navigation' build argument 'cmake_target_skip_unavailable' from command line to 'False'
[4.202s] Level 5:colcon.colcon_core.verb:set package 'robot_navigation' build argument 'cmake_clean_cache' from command line to 'False'
[4.202s] Level 5:colcon.colcon_core.verb:set package 'robot_navigation' build argument 'cmake_clean_first' from command line to 'False'
[4.202s] Level 5:colcon.colcon_core.verb:set package 'robot_navigation' build argument 'cmake_force_configure' from command line to 'False'
[4.202s] Level 5:colcon.colcon_core.verb:set package 'robot_navigation' build argument 'ament_cmake_args' from command line to 'None'
[4.202s] Level 5:colcon.colcon_core.verb:set package 'robot_navigation' build argument 'catkin_cmake_args' from command line to 'None'
[4.202s] Level 5:colcon.colcon_core.verb:set package 'robot_navigation' build argument 'catkin_skip_building_tests' from command line to 'False'
[4.202s] DEBUG:colcon.colcon_core.verb:Building package 'robot_navigation' with the following arguments: {'ament_cmake_args': None, 'build_base': '/home/bielle/Documentos/Github/2024-1B-T08-EC06-G03/src/workspace/build/robot_navigation', 'catkin_cmake_args': None, 'catkin_skip_building_tests': False, 'cmake_args': None, 'cmake_clean_cache': False, 'cmake_clean_first': False, 'cmake_force_configure': False, 'cmake_target': None, 'cmake_target_skip_unavailable': False, 'install_base': '/home/bielle/Documentos/Github/2024-1B-T08-EC06-G03/src/workspace/install/robot_navigation', 'merge_install': False, 'path': '/home/bielle/Documentos/Github/2024-1B-T08-EC06-G03/src/workspace/src/robot_navigation', 'symlink_install': False, 'test_result_base': None}
[4.202s] INFO:colcon.colcon_core.executor:Executing jobs using 'parallel' executor
[4.204s] DEBUG:colcon.colcon_parallel_executor.executor.parallel:run_until_complete
[4.204s] INFO:colcon.colcon_ros.task.ament_python.build:Building ROS package in '/home/bielle/Documentos/Github/2024-1B-T08-EC06-G03/src/workspace/src/robot_navigation' with build type 'ament_python'
[4.204s] Level 1:colcon.colcon_core.shell:create_environment_hook('robot_navigation', 'ament_prefix_path')
[4.284s] INFO:colcon.colcon_core.plugin_system:Skipping extension 'colcon_core.shell.bat': Not used on non-Windows systems
[4.285s] INFO:colcon.colcon_core.shell:Creating environment hook '/home/bielle/Documentos/Github/2024-1B-T08-EC06-G03/src/workspace/install/robot_navigation/share/robot_navigation/hook/ament_prefix_path.ps1'
[4.298s] INFO:colcon.colcon_core.shell:Creating environment descriptor '/home/bielle/Documentos/Github/2024-1B-T08-EC06-G03/src/workspace/install/robot_navigation/share/robot_navigation/hook/ament_prefix_path.dsv'
[4.310s] INFO:colcon.colcon_core.shell:Creating environment hook '/home/bielle/Documentos/Github/2024-1B-T08-EC06-G03/src/workspace/install/robot_navigation/share/robot_navigation/hook/ament_prefix_path.sh'
[4.323s] INFO:colcon.colcon_core.shell:Skip shell extension 'powershell' for command environment: Not usable outside of PowerShell
[4.323s] DEBUG:colcon.colcon_core.shell:Skip shell extension 'dsv' for command environment
[4.647s] INFO:colcon.colcon_core.task.python.build:Building Python package in '/home/bielle/Documentos/Github/2024-1B-T08-EC06-G03/src/workspace/src/robot_navigation'
[4.647s] INFO:colcon.colcon_core.shell:Skip shell extension 'powershell' for command environment: Not usable outside of PowerShell
[4.647s] DEBUG:colcon.colcon_core.shell:Skip shell extension 'dsv' for command environment
[6.902s] DEBUG:colcon.colcon_core.event_handler.log_command:Invoking command in '/home/bielle/Documentos/Github/2024-1B-T08-EC06-G03/src/workspace/src/robot_navigation': PYTHONPATH=/home/bielle/Documentos/Github/2024-1B-T08-EC06-G03/src/workspace/build/robot_navigation/prefix_override:/home/bielle/Documentos/Github/2024-1B-T08-EC06-G03/src/workspace/install/robot_navigation/lib/python3.10/site-packages:${PYTHONPATH} /usr/bin/python3 -W ignore:setup.py install is deprecated setup.py egg_info --egg-base ../../build/robot_navigation build --build-base /home/bielle/Documentos/Github/2024-1B-T08-EC06-G03/src/workspace/build/robot_navigation/build install --record /home/bielle/Documentos/Github/2024-1B-T08-EC06-G03/src/workspace/build/robot_navigation/install.log --single-version-externally-managed install_data
[7.191s] DEBUG:colcon.colcon_core.event_handler.log_command:Invoked command in '/home/bielle/Documentos/Github/2024-1B-T08-EC06-G03/src/workspace/src/robot_navigation' returned '0': PYTHONPATH=/home/bielle/Documentos/Github/2024-1B-T08-EC06-G03/src/workspace/build/robot_navigation/prefix_override:/home/bielle/Documentos/Github/2024-1B-T08-EC06-G03/src/workspace/install/robot_navigation/lib/python3.10/site-packages:${PYTHONPATH} /usr/bin/python3 -W ignore:setup.py install is deprecated setup.py egg_info --egg-base ../../build/robot_navigation build --build-base /home/bielle/Documentos/Github/2024-1B-T08-EC06-G03/src/workspace/build/robot_navigation/build install --record /home/bielle/Documentos/Github/2024-1B-T08-EC06-G03/src/workspace/build/robot_navigation/install.log --single-version-externally-managed install_data
[7.250s] Level 1:colcon.colcon_core.environment:checking '/home/bielle/Documentos/Github/2024-1B-T08-EC06-G03/src/workspace/install/robot_navigation' for CMake module files
[7.251s] Level 1:colcon.colcon_core.environment:checking '/home/bielle/Documentos/Github/2024-1B-T08-EC06-G03/src/workspace/install/robot_navigation' for CMake config files
[7.252s] Level 1:colcon.colcon_core.environment:checking '/home/bielle/Documentos/Github/2024-1B-T08-EC06-G03/src/workspace/install/robot_navigation/lib'
[7.252s] Level 1:colcon.colcon_core.environment:checking '/home/bielle/Documentos/Github/2024-1B-T08-EC06-G03/src/workspace/install/robot_navigation/bin'
[7.252s] Level 1:colcon.colcon_core.environment:checking '/home/bielle/Documentos/Github/2024-1B-T08-EC06-G03/src/workspace/install/robot_navigation/lib/pkgconfig/robot_navigation.pc'
[7.253s] Level 1:colcon.colcon_core.environment:checking '/home/bielle/Documentos/Github/2024-1B-T08-EC06-G03/src/workspace/install/robot_navigation/lib/python3.10/site-packages'
[7.253s] Level 1:colcon.colcon_core.shell:create_environment_hook('robot_navigation', 'pythonpath')
[7.253s] INFO:colcon.colcon_core.shell:Creating environment hook '/home/bielle/Documentos/Github/2024-1B-T08-EC06-G03/src/workspace/install/robot_navigation/share/robot_navigation/hook/pythonpath.ps1'
[7.254s] INFO:colcon.colcon_core.shell:Creating environment descriptor '/home/bielle/Documentos/Github/2024-1B-T08-EC06-G03/src/workspace/install/robot_navigation/share/robot_navigation/hook/pythonpath.dsv'
[7.255s] INFO:colcon.colcon_core.shell:Creating environment hook '/home/bielle/Documentos/Github/2024-1B-T08-EC06-G03/src/workspace/install/robot_navigation/share/robot_navigation/hook/pythonpath.sh'
[7.255s] Level 1:colcon.colcon_core.environment:checking '/home/bielle/Documentos/Github/2024-1B-T08-EC06-G03/src/workspace/install/robot_navigation/bin'
[7.256s] Level 1:colcon.colcon_core.environment:create_environment_scripts_only(robot_navigation)
[7.256s] INFO:colcon.colcon_core.shell:Creating package script '/home/bielle/Documentos/Github/2024-1B-T08-EC06-G03/src/workspace/install/robot_navigation/share/robot_navigation/package.ps1'
[7.269s] INFO:colcon.colcon_core.shell:Creating package descriptor '/home/bielle/Documentos/Github/2024-1B-T08-EC06-G03/src/workspace/install/robot_navigation/share/robot_navigation/package.dsv'
[7.281s] INFO:colcon.colcon_core.shell:Creating package script '/home/bielle/Documentos/Github/2024-1B-T08-EC06-G03/src/workspace/install/robot_navigation/share/robot_navigation/package.sh'
[7.294s] INFO:colcon.colcon_core.shell:Creating package script '/home/bielle/Documentos/Github/2024-1B-T08-EC06-G03/src/workspace/install/robot_navigation/share/robot_navigation/package.bash'
[7.308s] INFO:colcon.colcon_core.shell:Creating package script '/home/bielle/Documentos/Github/2024-1B-T08-EC06-G03/src/workspace/install/robot_navigation/share/robot_navigation/package.zsh'
[7.320s] Level 1:colcon.colcon_core.environment:create_file_with_runtime_dependencies(/home/bielle/Documentos/Github/2024-1B-T08-EC06-G03/src/workspace/install/robot_navigation/share/colcon-core/packages/robot_navigation)
[7.321s] DEBUG:colcon.colcon_parallel_executor.executor.parallel:closing loop
[7.321s] DEBUG:colcon.colcon_parallel_executor.executor.parallel:loop closed
[7.322s] DEBUG:colcon.colcon_parallel_executor.executor.parallel:run_until_complete finished with '0'
[7.322s] DEBUG:colcon.colcon_core.event_reactor:joining thread
[7.385s] INFO:colcon.colcon_core.plugin_system:Skipping extension 'colcon_notification.desktop_notification.terminal_notifier': Not used on non-Darwin systems
[7.385s] INFO:colcon.colcon_core.plugin_system:Skipping extension 'colcon_notification.desktop_notification.win32': Not used on non-Windows systems
[7.385s] INFO:colcon.colcon_notification.desktop_notification:Sending desktop notification using 'notify2'
[7.401s] DEBUG:colcon.colcon_core.event_reactor:joined thread
[7.402s] INFO:colcon.colcon_core.shell:Creating prefix script '/home/bielle/Documentos/Github/2024-1B-T08-EC06-G03/src/workspace/install/local_setup.ps1'
[7.414s] INFO:colcon.colcon_core.shell:Creating prefix util module '/home/bielle/Documentos/Github/2024-1B-T08-EC06-G03/src/workspace/install/_local_setup_util_ps1.py'
[7.428s] INFO:colcon.colcon_core.shell:Creating prefix chain script '/home/bielle/Documentos/Github/2024-1B-T08-EC06-G03/src/workspace/install/setup.ps1'
[7.441s] INFO:colcon.colcon_core.shell:Creating prefix script '/home/bielle/Documentos/Github/2024-1B-T08-EC06-G03/src/workspace/install/local_setup.sh'
[7.453s] INFO:colcon.colcon_core.shell:Creating prefix util module '/home/bielle/Documentos/Github/2024-1B-T08-EC06-G03/src/workspace/install/_local_setup_util_sh.py'
[7.454s] INFO:colcon.colcon_core.shell:Creating prefix chain script '/home/bielle/Documentos/Github/2024-1B-T08-EC06-G03/src/workspace/install/setup.sh'
[7.467s] INFO:colcon.colcon_core.shell:Creating prefix script '/home/bielle/Documentos/Github/2024-1B-T08-EC06-G03/src/workspace/install/local_setup.bash'
[7.479s] INFO:colcon.colcon_core.shell:Creating prefix chain script '/home/bielle/Documentos/Github/2024-1B-T08-EC06-G03/src/workspace/install/setup.bash'
[7.492s] INFO:colcon.colcon_core.shell:Creating prefix script '/home/bielle/Documentos/Github/2024-1B-T08-EC06-G03/src/workspace/install/local_setup.zsh'
[7.504s] INFO:colcon.colcon_core.shell:Creating prefix chain script '/home/bielle/Documentos/Github/2024-1B-T08-EC06-G03/src/workspace/install/setup.zsh'
