[0.252s] DEBUG:colcon:Command line arguments: ['/usr/bin/colcon', 'build']
[0.252s] DEBUG:colcon:Parsed command line arguments: Namespace(ament_cmake_args=None, base_paths=['.'], build_base='build', catkin_cmake_args=None, catkin_skip_building_tests=False, cmake_args=None, cmake_clean_cache=False, cmake_clean_first=False, cmake_force_configure=False, cmake_target=None, cmake_target_skip_unavailable=False, continue_on_error=False, event_handlers=None, executor='parallel', ignore_user_meta=False, install_base='install', log_base=None, log_level=None, main=<bound method BuildVerb.main of <colcon_core.verb.build.BuildVerb object at 0x7a985a449a20>>, merge_install=False, metas=['./colcon.meta'], packages_above=None, packages_above_and_dependencies=None, packages_above_depth=None, packages_end=None, packages_ignore=None, packages_ignore_regex=None, packages_select=None, packages_select_build_failed=False, packages_select_by_dep=None, packages_select_regex=None, packages_select_test_failures=False, packages_skip=None, packages_skip_build_finished=False, packages_skip_by_dep=None, packages_skip_regex=None, packages_skip_test_passed=False, packages_skip_up_to=None, packages_start=None, packages_up_to=None, packages_up_to_regex=None, parallel_workers=8, paths=None, symlink_install=False, test_result_base=None, verb_extension=<colcon_core.verb.build.BuildVerb object at 0x7a985a449a20>, verb_name='build', verb_parser=<colcon_defaults.argument_parser.defaults.DefaultArgumentsDecorator object at 0x7a985a33d600>)
[0.620s] Level 1:colcon.colcon_core.package_discovery:discover_packages(colcon_meta) check parameters
[0.620s] Level 1:colcon.colcon_core.package_discovery:discover_packages(recursive) check parameters
[0.620s] Level 1:colcon.colcon_core.package_discovery:discover_packages(ignore) check parameters
[0.620s] Level 1:colcon.colcon_core.package_discovery:discover_packages(path) check parameters
[0.621s] Level 1:colcon.colcon_core.package_discovery:discover_packages(colcon_meta) discover
[0.621s] Level 1:colcon.colcon_core.package_discovery:discover_packages(recursive) discover
[0.621s] INFO:colcon.colcon_core.package_discovery:Crawling recursively for packages in '/home/bielle/Documentos/Github/2024-1B-T08-EC06-G03/src/workspace'
[0.622s] Level 1:colcon.colcon_core.package_identification:_identify(.) by extensions ['ignore', 'ignore_ament_install']
[0.622s] Level 1:colcon.colcon_core.package_identification:_identify(.) by extension 'ignore'
[0.622s] Level 1:colcon.colcon_core.package_identification:_identify(.) by extension 'ignore_ament_install'
[0.622s] Level 1:colcon.colcon_core.package_identification:_identify(.) by extensions ['colcon_pkg']
[0.622s] Level 1:colcon.colcon_core.package_identification:_identify(.) by extension 'colcon_pkg'
[0.622s] Level 1:colcon.colcon_core.package_identification:_identify(.) by extensions ['colcon_meta']
[0.622s] Level 1:colcon.colcon_core.package_identification:_identify(.) by extension 'colcon_meta'
[0.623s] Level 1:colcon.colcon_core.package_identification:_identify(.) by extensions ['ros']
[0.623s] Level 1:colcon.colcon_core.package_identification:_identify(.) by extension 'ros'
[0.647s] Level 1:colcon.colcon_core.package_identification:_identify(.) by extensions ['cmake', 'python']
[0.647s] Level 1:colcon.colcon_core.package_identification:_identify(.) by extension 'cmake'
[0.647s] Level 1:colcon.colcon_core.package_identification:_identify(.) by extension 'python'
[0.647s] Level 1:colcon.colcon_core.package_identification:_identify(.) by extensions ['python_setup_py']
[0.647s] Level 1:colcon.colcon_core.package_identification:_identify(.) by extension 'python_setup_py'
[0.647s] Level 1:colcon.colcon_core.package_identification:_identify(build) by extensions ['ignore', 'ignore_ament_install']
[0.648s] Level 1:colcon.colcon_core.package_identification:_identify(build) by extension 'ignore'
[0.648s] Level 1:colcon.colcon_core.package_identification:_identify(build) ignored
[0.648s] Level 1:colcon.colcon_core.package_identification:_identify(install) by extensions ['ignore', 'ignore_ament_install']
[0.648s] Level 1:colcon.colcon_core.package_identification:_identify(install) by extension 'ignore'
[0.648s] Level 1:colcon.colcon_core.package_identification:_identify(install) ignored
[0.648s] Level 1:colcon.colcon_core.package_identification:_identify(log) by extensions ['ignore', 'ignore_ament_install']
[0.648s] Level 1:colcon.colcon_core.package_identification:_identify(log) by extension 'ignore'
[0.648s] Level 1:colcon.colcon_core.package_identification:_identify(log) ignored
[0.649s] Level 1:colcon.colcon_core.package_identification:_identify(src) by extensions ['ignore', 'ignore_ament_install']
[0.649s] Level 1:colcon.colcon_core.package_identification:_identify(src) by extension 'ignore'
[0.649s] Level 1:colcon.colcon_core.package_identification:_identify(src) by extension 'ignore_ament_install'
[0.649s] Level 1:colcon.colcon_core.package_identification:_identify(src) by extensions ['colcon_pkg']
[0.649s] Level 1:colcon.colcon_core.package_identification:_identify(src) by extension 'colcon_pkg'
[0.649s] Level 1:colcon.colcon_core.package_identification:_identify(src) by extensions ['colcon_meta']
[0.649s] Level 1:colcon.colcon_core.package_identification:_identify(src) by extension 'colcon_meta'
[0.649s] Level 1:colcon.colcon_core.package_identification:_identify(src) by extensions ['ros']
[0.649s] Level 1:colcon.colcon_core.package_identification:_identify(src) by extension 'ros'
[0.649s] Level 1:colcon.colcon_core.package_identification:_identify(src) by extensions ['cmake', 'python']
[0.649s] Level 1:colcon.colcon_core.package_identification:_identify(src) by extension 'cmake'
[0.649s] Level 1:colcon.colcon_core.package_identification:_identify(src) by extension 'python'
[0.650s] Level 1:colcon.colcon_core.package_identification:_identify(src) by extensions ['python_setup_py']
[0.650s] Level 1:colcon.colcon_core.package_identification:_identify(src) by extension 'python_setup_py'
[0.650s] Level 1:colcon.colcon_core.package_identification:_identify(src/robot_navigation) by extensions ['ignore', 'ignore_ament_install']
[0.650s] Level 1:colcon.colcon_core.package_identification:_identify(src/robot_navigation) by extension 'ignore'
[0.650s] Level 1:colcon.colcon_core.package_identification:_identify(src/robot_navigation) by extension 'ignore_ament_install'
[0.650s] Level 1:colcon.colcon_core.package_identification:_identify(src/robot_navigation) by extensions ['colcon_pkg']
[0.650s] Level 1:colcon.colcon_core.package_identification:_identify(src/robot_navigation) by extension 'colcon_pkg'
[0.650s] Level 1:colcon.colcon_core.package_identification:_identify(src/robot_navigation) by extensions ['colcon_meta']
[0.650s] Level 1:colcon.colcon_core.package_identification:_identify(src/robot_navigation) by extension 'colcon_meta'
[0.650s] Level 1:colcon.colcon_core.package_identification:_identify(src/robot_navigation) by extensions ['ros']
[0.650s] Level 1:colcon.colcon_core.package_identification:_identify(src/robot_navigation) by extension 'ros'
[0.655s] DEBUG:colcon.colcon_core.package_identification:Package 'src/robot_navigation' with type 'ros.ament_python' and name 'robot_navigation'
[0.656s] Level 1:colcon.colcon_core.package_discovery:discover_packages(recursive) using defaults
[0.656s] Level 1:colcon.colcon_core.package_discovery:discover_packages(ignore) discover
[0.656s] Level 1:colcon.colcon_core.package_discovery:discover_packages(ignore) using defaults
[0.656s] Level 1:colcon.colcon_core.package_discovery:discover_packages(path) discover
[0.656s] Level 1:colcon.colcon_core.package_discovery:discover_packages(path) using defaults
[0.657s] ERROR:colcon.colcon_core.package_selection:Exception in package selection extension 'override_check': 'Namespace' object has no attribute 'allow_overriding'
Traceback (most recent call last):
  File "/usr/lib/python3/dist-packages/colcon_core/package_selection/__init__.py", line 200, in _check_package_selection_parameters
    retval = extension.check_parameters(args=args, pkg_names=pkg_names)
  File "/usr/lib/python3/dist-packages/colcon_override_check/package_selection/override_check.py", line 61, in check_parameters
    for pkg_name in args.allow_overriding or []:
AttributeError: 'Namespace' object has no attribute 'allow_overriding'

[0.708s] Level 1:colcon.colcon_core.package_discovery:discover_packages(prefix_path) check parameters
[0.709s] Level 1:colcon.colcon_core.package_discovery:discover_packages(prefix_path) discover
[0.713s] DEBUG:colcon.colcon_installed_package_information.package_discovery:Found 1 installed packages in /home/bielle/Documentos/Github/2024-1B-T08-EC06-G03/src/workspace/install
[0.717s] DEBUG:colcon.colcon_installed_package_information.package_discovery:Found 396 installed packages in /opt/ros/humble
[0.746s] Level 1:colcon.colcon_core.package_discovery:discover_packages(prefix_path) using defaults
[0.849s] ERROR:colcon.colcon_core.package_selection:Exception in package selection extension 'override_check': 'Namespace' object has no attribute 'allow_overriding'
Traceback (most recent call last):
  File "/usr/lib/python3/dist-packages/colcon_core/package_selection/__init__.py", line 225, in select_package_decorators
    retval = extension.select_packages(
  File "/usr/lib/python3/dist-packages/colcon_override_check/package_selection/override_check.py", line 135, in select_packages
    overriding_names.difference_update(args.allow_overriding)
AttributeError: 'Namespace' object has no attribute 'allow_overriding'

[0.851s] Level 5:colcon.colcon_core.verb:set package 'robot_navigation' build argument 'cmake_args' from command line to 'None'
[0.852s] Level 5:colcon.colcon_core.verb:set package 'robot_navigation' build argument 'cmake_target' from command line to 'None'
[0.852s] Level 5:colcon.colcon_core.verb:set package 'robot_navigation' build argument 'cmake_target_skip_unavailable' from command line to 'False'
[0.852s] Level 5:colcon.colcon_core.verb:set package 'robot_navigation' build argument 'cmake_clean_cache' from command line to 'False'
[0.852s] Level 5:colcon.colcon_core.verb:set package 'robot_navigation' build argument 'cmake_clean_first' from command line to 'False'
[0.852s] Level 5:colcon.colcon_core.verb:set package 'robot_navigation' build argument 'cmake_force_configure' from command line to 'False'
[0.852s] Level 5:colcon.colcon_core.verb:set package 'robot_navigation' build argument 'ament_cmake_args' from command line to 'None'
[0.852s] Level 5:colcon.colcon_core.verb:set package 'robot_navigation' build argument 'catkin_cmake_args' from command line to 'None'
[0.852s] Level 5:colcon.colcon_core.verb:set package 'robot_navigation' build argument 'catkin_skip_building_tests' from command line to 'False'
[0.852s] DEBUG:colcon.colcon_core.verb:Building package 'robot_navigation' with the following arguments: {'ament_cmake_args': None, 'build_base': '/home/bielle/Documentos/Github/2024-1B-T08-EC06-G03/src/workspace/build/robot_navigation', 'catkin_cmake_args': None, 'catkin_skip_building_tests': False, 'cmake_args': None, 'cmake_clean_cache': False, 'cmake_clean_first': False, 'cmake_force_configure': False, 'cmake_target': None, 'cmake_target_skip_unavailable': False, 'install_base': '/home/bielle/Documentos/Github/2024-1B-T08-EC06-G03/src/workspace/install/robot_navigation', 'merge_install': False, 'path': '/home/bielle/Documentos/Github/2024-1B-T08-EC06-G03/src/workspace/src/robot_navigation', 'symlink_install': False, 'test_result_base': None}
[0.853s] INFO:colcon.colcon_core.executor:Executing jobs using 'parallel' executor
[0.855s] DEBUG:colcon.colcon_parallel_executor.executor.parallel:run_until_complete
[0.856s] INFO:colcon.colcon_ros.task.ament_python.build:Building ROS package in '/home/bielle/Documentos/Github/2024-1B-T08-EC06-G03/src/workspace/src/robot_navigation' with build type 'ament_python'
[0.856s] Level 1:colcon.colcon_core.shell:create_environment_hook('robot_navigation', 'ament_prefix_path')
[0.860s] INFO:colcon.colcon_core.plugin_system:Skipping extension 'colcon_core.shell.bat': Not used on non-Windows systems
[0.861s] INFO:colcon.colcon_core.shell:Creating environment hook '/home/bielle/Documentos/Github/2024-1B-T08-EC06-G03/src/workspace/install/robot_navigation/share/robot_navigation/hook/ament_prefix_path.ps1'
[0.862s] INFO:colcon.colcon_core.shell:Creating environment descriptor '/home/bielle/Documentos/Github/2024-1B-T08-EC06-G03/src/workspace/install/robot_navigation/share/robot_navigation/hook/ament_prefix_path.dsv'
[0.864s] INFO:colcon.colcon_core.shell:Creating environment hook '/home/bielle/Documentos/Github/2024-1B-T08-EC06-G03/src/workspace/install/robot_navigation/share/robot_navigation/hook/ament_prefix_path.sh'
[0.867s] INFO:colcon.colcon_core.shell:Skip shell extension 'powershell' for command environment: Not usable outside of PowerShell
[0.868s] DEBUG:colcon.colcon_core.shell:Skip shell extension 'dsv' for command environment
[1.543s] INFO:colcon.colcon_core.task.python.build:Building Python package in '/home/bielle/Documentos/Github/2024-1B-T08-EC06-G03/src/workspace/src/robot_navigation'
[1.544s] INFO:colcon.colcon_core.shell:Skip shell extension 'powershell' for command environment: Not usable outside of PowerShell
[1.544s] DEBUG:colcon.colcon_core.shell:Skip shell extension 'dsv' for command environment
[2.389s] DEBUG:colcon.colcon_core.event_handler.log_command:Invoking command in '/home/bielle/Documentos/Github/2024-1B-T08-EC06-G03/src/workspace/src/robot_navigation': PYTHONPATH=/home/bielle/Documentos/Github/2024-1B-T08-EC06-G03/src/workspace/build/robot_navigation/prefix_override:/home/bielle/Documentos/Github/2024-1B-T08-EC06-G03/src/workspace/install/robot_navigation/lib/python3.10/site-packages:${PYTHONPATH} /usr/bin/python3 -W ignore:setup.py install is deprecated setup.py egg_info --egg-base ../../build/robot_navigation build --build-base /home/bielle/Documentos/Github/2024-1B-T08-EC06-G03/src/workspace/build/robot_navigation/build install --record /home/bielle/Documentos/Github/2024-1B-T08-EC06-G03/src/workspace/build/robot_navigation/install.log --single-version-externally-managed install_data
[3.119s] DEBUG:colcon.colcon_core.event_handler.log_command:Invoked command in '/home/bielle/Documentos/Github/2024-1B-T08-EC06-G03/src/workspace/src/robot_navigation' returned '0': PYTHONPATH=/home/bielle/Documentos/Github/2024-1B-T08-EC06-G03/src/workspace/build/robot_navigation/prefix_override:/home/bielle/Documentos/Github/2024-1B-T08-EC06-G03/src/workspace/install/robot_navigation/lib/python3.10/site-packages:${PYTHONPATH} /usr/bin/python3 -W ignore:setup.py install is deprecated setup.py egg_info --egg-base ../../build/robot_navigation build --build-base /home/bielle/Documentos/Github/2024-1B-T08-EC06-G03/src/workspace/build/robot_navigation/build install --record /home/bielle/Documentos/Github/2024-1B-T08-EC06-G03/src/workspace/build/robot_navigation/install.log --single-version-externally-managed install_data
[3.124s] Level 1:colcon.colcon_core.environment:checking '/home/bielle/Documentos/Github/2024-1B-T08-EC06-G03/src/workspace/install/robot_navigation' for CMake module files
[3.125s] Level 1:colcon.colcon_core.environment:checking '/home/bielle/Documentos/Github/2024-1B-T08-EC06-G03/src/workspace/install/robot_navigation' for CMake config files
[3.127s] Level 1:colcon.colcon_core.environment:checking '/home/bielle/Documentos/Github/2024-1B-T08-EC06-G03/src/workspace/install/robot_navigation/lib'
[3.128s] Level 1:colcon.colcon_core.environment:checking '/home/bielle/Documentos/Github/2024-1B-T08-EC06-G03/src/workspace/install/robot_navigation/bin'
[3.128s] Level 1:colcon.colcon_core.environment:checking '/home/bielle/Documentos/Github/2024-1B-T08-EC06-G03/src/workspace/install/robot_navigation/lib/pkgconfig/robot_navigation.pc'
[3.128s] Level 1:colcon.colcon_core.environment:checking '/home/bielle/Documentos/Github/2024-1B-T08-EC06-G03/src/workspace/install/robot_navigation/lib/python3.10/site-packages'
[3.129s] Level 1:colcon.colcon_core.shell:create_environment_hook('robot_navigation', 'pythonpath')
[3.129s] INFO:colcon.colcon_core.shell:Creating environment hook '/home/bielle/Documentos/Github/2024-1B-T08-EC06-G03/src/workspace/install/robot_navigation/share/robot_navigation/hook/pythonpath.ps1'
[3.130s] INFO:colcon.colcon_core.shell:Creating environment descriptor '/home/bielle/Documentos/Github/2024-1B-T08-EC06-G03/src/workspace/install/robot_navigation/share/robot_navigation/hook/pythonpath.dsv'
[3.131s] INFO:colcon.colcon_core.shell:Creating environment hook '/home/bielle/Documentos/Github/2024-1B-T08-EC06-G03/src/workspace/install/robot_navigation/share/robot_navigation/hook/pythonpath.sh'
[3.132s] Level 1:colcon.colcon_core.environment:checking '/home/bielle/Documentos/Github/2024-1B-T08-EC06-G03/src/workspace/install/robot_navigation/bin'
[3.132s] Level 1:colcon.colcon_core.environment:create_environment_scripts_only(robot_navigation)
[3.133s] INFO:colcon.colcon_core.shell:Creating package script '/home/bielle/Documentos/Github/2024-1B-T08-EC06-G03/src/workspace/install/robot_navigation/share/robot_navigation/package.ps1'
[3.136s] INFO:colcon.colcon_core.shell:Creating package descriptor '/home/bielle/Documentos/Github/2024-1B-T08-EC06-G03/src/workspace/install/robot_navigation/share/robot_navigation/package.dsv'
[3.137s] INFO:colcon.colcon_core.shell:Creating package script '/home/bielle/Documentos/Github/2024-1B-T08-EC06-G03/src/workspace/install/robot_navigation/share/robot_navigation/package.sh'
[3.138s] INFO:colcon.colcon_core.shell:Creating package script '/home/bielle/Documentos/Github/2024-1B-T08-EC06-G03/src/workspace/install/robot_navigation/share/robot_navigation/package.bash'
[3.140s] INFO:colcon.colcon_core.shell:Creating package script '/home/bielle/Documentos/Github/2024-1B-T08-EC06-G03/src/workspace/install/robot_navigation/share/robot_navigation/package.zsh'
[3.141s] Level 1:colcon.colcon_core.environment:create_file_with_runtime_dependencies(/home/bielle/Documentos/Github/2024-1B-T08-EC06-G03/src/workspace/install/robot_navigation/share/colcon-core/packages/robot_navigation)
[3.142s] DEBUG:colcon.colcon_parallel_executor.executor.parallel:closing loop
[3.142s] DEBUG:colcon.colcon_parallel_executor.executor.parallel:loop closed
[3.143s] DEBUG:colcon.colcon_parallel_executor.executor.parallel:run_until_complete finished with '0'
[3.143s] DEBUG:colcon.colcon_core.event_reactor:joining thread
[3.155s] INFO:colcon.colcon_core.plugin_system:Skipping extension 'colcon_notification.desktop_notification.terminal_notifier': Not used on non-Darwin systems
[3.155s] INFO:colcon.colcon_core.plugin_system:Skipping extension 'colcon_notification.desktop_notification.win32': Not used on non-Windows systems
[3.155s] INFO:colcon.colcon_notification.desktop_notification:Sending desktop notification using 'notify2'
[3.197s] DEBUG:colcon.colcon_core.event_reactor:joined thread
[3.199s] INFO:colcon.colcon_core.shell:Creating prefix script '/home/bielle/Documentos/Github/2024-1B-T08-EC06-G03/src/workspace/install/local_setup.ps1'
[3.203s] INFO:colcon.colcon_core.shell:Creating prefix util module '/home/bielle/Documentos/Github/2024-1B-T08-EC06-G03/src/workspace/install/_local_setup_util_ps1.py'
[3.208s] INFO:colcon.colcon_core.shell:Creating prefix chain script '/home/bielle/Documentos/Github/2024-1B-T08-EC06-G03/src/workspace/install/setup.ps1'
[3.210s] INFO:colcon.colcon_core.shell:Creating prefix script '/home/bielle/Documentos/Github/2024-1B-T08-EC06-G03/src/workspace/install/local_setup.sh'
[3.211s] INFO:colcon.colcon_core.shell:Creating prefix util module '/home/bielle/Documentos/Github/2024-1B-T08-EC06-G03/src/workspace/install/_local_setup_util_sh.py'
[3.212s] INFO:colcon.colcon_core.shell:Creating prefix chain script '/home/bielle/Documentos/Github/2024-1B-T08-EC06-G03/src/workspace/install/setup.sh'
[3.214s] INFO:colcon.colcon_core.shell:Creating prefix script '/home/bielle/Documentos/Github/2024-1B-T08-EC06-G03/src/workspace/install/local_setup.bash'
[3.216s] INFO:colcon.colcon_core.shell:Creating prefix chain script '/home/bielle/Documentos/Github/2024-1B-T08-EC06-G03/src/workspace/install/setup.bash'
[3.219s] INFO:colcon.colcon_core.shell:Creating prefix script '/home/bielle/Documentos/Github/2024-1B-T08-EC06-G03/src/workspace/install/local_setup.zsh'
[3.221s] INFO:colcon.colcon_core.shell:Creating prefix chain script '/home/bielle/Documentos/Github/2024-1B-T08-EC06-G03/src/workspace/install/setup.zsh'
