[2.697s] Invoking command in '/home/bielle/Documentos/Github/2024-1B-T08-EC06-G03/src/workspace/src/robot_navigation': PYTHONPATH=/home/bielle/Documentos/Github/2024-1B-T08-EC06-G03/src/workspace/build/robot_navigation/prefix_override:/home/bielle/Documentos/Github/2024-1B-T08-EC06-G03/src/workspace/install/robot_navigation/lib/python3.10/site-packages:${PYTHONPATH} /usr/bin/python3 -W ignore:setup.py install is deprecated setup.py egg_info --egg-base ../../build/robot_navigation build --build-base /home/bielle/Documentos/Github/2024-1B-T08-EC06-G03/src/workspace/build/robot_navigation/build install --record /home/bielle/Documentos/Github/2024-1B-T08-EC06-G03/src/workspace/build/robot_navigation/install.log --single-version-externally-managed install_data
[2.933s] running egg_info
[2.934s] creating ../../build/robot_navigation/robot_navigation.egg-info
[2.934s] writing ../../build/robot_navigation/robot_navigation.egg-info/PKG-INFO
[2.935s] writing dependency_links to ../../build/robot_navigation/robot_navigation.egg-info/dependency_links.txt
[2.935s] writing entry points to ../../build/robot_navigation/robot_navigation.egg-info/entry_points.txt
[2.935s] writing requirements to ../../build/robot_navigation/robot_navigation.egg-info/requires.txt
[2.935s] writing top-level names to ../../build/robot_navigation/robot_navigation.egg-info/top_level.txt
[2.935s] writing manifest file '../../build/robot_navigation/robot_navigation.egg-info/SOURCES.txt'
[2.937s] reading manifest file '../../build/robot_navigation/robot_navigation.egg-info/SOURCES.txt'
[2.938s] writing manifest file '../../build/robot_navigation/robot_navigation.egg-info/SOURCES.txt'
[2.938s] running build
[2.938s] running build_py
[2.938s] creating /home/bielle/Documentos/Github/2024-1B-T08-EC06-G03/src/workspace/build/robot_navigation/build
[2.938s] creating /home/bielle/Documentos/Github/2024-1B-T08-EC06-G03/src/workspace/build/robot_navigation/build/lib
[2.938s] creating /home/bielle/Documentos/Github/2024-1B-T08-EC06-G03/src/workspace/build/robot_navigation/build/lib/robot_navigation
[2.938s] copying robot_navigation/__init__.py -> /home/bielle/Documentos/Github/2024-1B-T08-EC06-G03/src/workspace/build/robot_navigation/build/lib/robot_navigation
[2.938s] copying robot_navigation/bot.py -> /home/bielle/Documentos/Github/2024-1B-T08-EC06-G03/src/workspace/build/robot_navigation/build/lib/robot_navigation
[2.939s] running install
[2.939s] running install_lib
[2.940s] creating /home/bielle/Documentos/Github/2024-1B-T08-EC06-G03/src/workspace/install/robot_navigation/lib/python3.10/site-packages/robot_navigation
[2.940s] copying /home/bielle/Documentos/Github/2024-1B-T08-EC06-G03/src/workspace/build/robot_navigation/build/lib/robot_navigation/__init__.py -> /home/bielle/Documentos/Github/2024-1B-T08-EC06-G03/src/workspace/install/robot_navigation/lib/python3.10/site-packages/robot_navigation
[2.940s] copying /home/bielle/Documentos/Github/2024-1B-T08-EC06-G03/src/workspace/build/robot_navigation/build/lib/robot_navigation/bot.py -> /home/bielle/Documentos/Github/2024-1B-T08-EC06-G03/src/workspace/install/robot_navigation/lib/python3.10/site-packages/robot_navigation
[2.940s] byte-compiling /home/bielle/Documentos/Github/2024-1B-T08-EC06-G03/src/workspace/install/robot_navigation/lib/python3.10/site-packages/robot_navigation/__init__.py to __init__.cpython-310.pyc
[2.940s] byte-compiling /home/bielle/Documentos/Github/2024-1B-T08-EC06-G03/src/workspace/install/robot_navigation/lib/python3.10/site-packages/robot_navigation/bot.py to bot.cpython-310.pyc
[2.941s] running install_data
[2.941s] creating /home/bielle/Documentos/Github/2024-1B-T08-EC06-G03/src/workspace/install/robot_navigation/share/ament_index
[2.941s] creating /home/bielle/Documentos/Github/2024-1B-T08-EC06-G03/src/workspace/install/robot_navigation/share/ament_index/resource_index
[2.941s] creating /home/bielle/Documentos/Github/2024-1B-T08-EC06-G03/src/workspace/install/robot_navigation/share/ament_index/resource_index/packages
[2.941s] copying resource/robot_navigation -> /home/bielle/Documentos/Github/2024-1B-T08-EC06-G03/src/workspace/install/robot_navigation/share/ament_index/resource_index/packages
[2.941s] copying package.xml -> /home/bielle/Documentos/Github/2024-1B-T08-EC06-G03/src/workspace/install/robot_navigation/share/robot_navigation
[2.941s] running install_egg_info
[2.943s] Copying ../../build/robot_navigation/robot_navigation.egg-info to /home/bielle/Documentos/Github/2024-1B-T08-EC06-G03/src/workspace/install/robot_navigation/lib/python3.10/site-packages/robot_navigation-0.0.0-py3.10.egg-info
[2.944s] running install_scripts
[2.963s] Installing bot script to /home/bielle/Documentos/Github/2024-1B-T08-EC06-G03/src/workspace/install/robot_navigation/lib/robot_navigation
[2.963s] writing list of installed files to '/home/bielle/Documentos/Github/2024-1B-T08-EC06-G03/src/workspace/build/robot_navigation/install.log'
[2.985s] Invoked command in '/home/bielle/Documentos/Github/2024-1B-T08-EC06-G03/src/workspace/src/robot_navigation' returned '0': PYTHONPATH=/home/bielle/Documentos/Github/2024-1B-T08-EC06-G03/src/workspace/build/robot_navigation/prefix_override:/home/bielle/Documentos/Github/2024-1B-T08-EC06-G03/src/workspace/install/robot_navigation/lib/python3.10/site-packages:${PYTHONPATH} /usr/bin/python3 -W ignore:setup.py install is deprecated setup.py egg_info --egg-base ../../build/robot_navigation build --build-base /home/bielle/Documentos/Github/2024-1B-T08-EC06-G03/src/workspace/build/robot_navigation/build install --record /home/bielle/Documentos/Github/2024-1B-T08-EC06-G03/src/workspace/build/robot_navigation/install.log --single-version-externally-managed install_data
